  Source.cpp
C:\Git\Lessons\Lesson\Lessons\Lessons\Source.cpp(298,17): warning C4129: $: неизвестная escape-последовательность
C:\Git\Lessons\Lesson\Lessons\Lessons\Source.cpp(298,49): warning C4129: $: неизвестная escape-последовательность
C:\Git\Lessons\Lesson\Lessons\Lessons\Source.cpp(341,20): warning C4018: <: несоответствие типов со знаком и без знака
C:\Git\Lessons\Lesson\Lessons\Lessons\Source.cpp(439,20): warning C4018: <: несоответствие типов со знаком и без знака
C:\Git\Lessons\Lesson\Lessons\Lessons\Source.cpp(552,12): warning C4244: инициализация: преобразование "double" в "float", возможна потеря данных
C:\Git\Lessons\Lesson\Lessons\Lessons\Source.cpp(715,23): warning C4018: <: несоответствие типов со знаком и без знака
C:\Git\Lessons\Lesson\Lessons\Lessons\Source.cpp(867,40): warning C4018: <: несоответствие типов со знаком и без знака
C:\Git\Lessons\Lesson\Lessons\Lessons\Source.cpp(883,9): warning C4244: return: преобразование "float" в "int", возможна потеря данных
C:\Git\Lessons\Lesson\Lessons\Lessons\Source.cpp(1026,9): warning C4244: инициализация: преобразование "double" в "int", возможна потеря данных
C:\Git\Lessons\Lesson\Lessons\Lessons\Source.cpp(1027,10): warning C4244: инициализация: преобразование "double" в "int", возможна потеря данных
C:\Git\Lessons\Lesson\Lessons\Lessons\Source.cpp(1037,11): warning C4244: инициализация: преобразование "_Ty" в "double", возможна потеря данных
          with
          [
              _Ty=unsigned __int64
          ]
C:\Git\Lessons\Lesson\Lessons\Lessons\Source.cpp(1058,25): warning C4018: <: несоответствие типов со знаком и без знака
C:\Git\Lessons\Lesson\Lessons\Lessons\Source.cpp(336): warning C4715: rps: значение возвращается не при всех путях выполнения
C:\Git\Lessons\Lesson\Lessons\Lessons\Source.cpp(561): warning C4715: bmi: значение возвращается не при всех путях выполнения
  Lessons.vcxproj -> C:\Git\Lessons\Lesson\Lessons\Debug\Lessons.exe
